-------------------------------------------------------------------------------
Test set: runners.TestRunner
-------------------------------------------------------------------------------
Tests run: 2, Failures: 0, Errors: 2, Skipped: 0, Time elapsed: 0.58 sec <<< FAILURE!
Verify the search module with positive test case(Search Module Verification)  Time elapsed: 0.11 sec  <<< ERROR!
io.cucumber.junit.UndefinedStepException: The step "I am on the Excellentable page" is undefined. You can implement it using the snippet(s) below:

@Given("I am on the Excellentable page")
public void i_am_on_the_excellentable_page() {
    // Write code here that turns the phrase above into concrete actions
    throw new io.cucumber.java.PendingException();
}


Some other steps were also undefined:

@When("I add the text {string} to the search input")
public void i_add_the_text_to_the_search_input(String string) {
    // Write code here that turns the phrase above into concrete actions
    throw new io.cucumber.java.PendingException();
}
@Then("I should see correct search results")
public void i_should_see_correct_search_results() {
    // Write code here that turns the phrase above into concrete actions
    throw new io.cucumber.java.PendingException();
}
@Then("the first result should take me to {string}")
public void the_first_result_should_take_me_to(String string) {
    // Write code here that turns the phrase above into concrete actions
    throw new io.cucumber.java.PendingException();
}


Verify the search module with negative test case(Search Module Verification)  Time elapsed: 0.004 sec  <<< ERROR!
io.cucumber.junit.UndefinedStepException: The step "I am on the Excellentable page" is undefined. You can implement it using the snippet(s) below:

@Given("I am on the Excellentable page")
public void i_am_on_the_excellentable_page() {
    // Write code here that turns the phrase above into concrete actions
    throw new io.cucumber.java.PendingException();
}


Some other steps were also undefined:

@When("I add the text {string} to the search input")
public void i_add_the_text_to_the_search_input(String string) {
    // Write code here that turns the phrase above into concrete actions
    throw new io.cucumber.java.PendingException();
}
@Then("I should see no search results")
public void i_should_see_no_search_results() {
    // Write code here that turns the phrase above into concrete actions
    throw new io.cucumber.java.PendingException();
}


